build/app/outputs/mapping/release/seeds.txt
com.example.jsddclient.MainActivity
com.example.jsddclient.MainActivity: MainActivity()
...
com.google.android.gms.measurement.AppMeasurement: java.util.List getConditionalUserProperties(java.lang.String,java.lang.String)
android.support.v4.app.RemoteActionCompatParcelizer
com.google.firebase.auth.internal.zzx: android.os.Parcelable$Creator CREATOR
com.google.android.gms.internal.measurement.zzfw: int zzK
com.google.firestore.v1.TargetChange$TargetChangeType: com.google.firestore.v1.TargetChange$TargetChangeType[] values()
com.google.android.gms.internal.measurement.zzgo: com.google.android.gms.internal.measurement.zzkk zze
com.google.type.LatLng: double latitude_
com.google.android.gms.internal.measurement.zzbl: com.google.android.gms.internal.measurement.zzbl[] values()
io.flutter.view.AccessibilityViewEmbedder: io.flutter.view.AccessibilityViewEmbedder$ReflectionAccessors reflectionAccessors
com.google.android.gms.internal.measurement.zzfu: com.google.android.gms.internal.measurement.zzkk zza
io.flutter.plugin.editing.ImeSyncDeferringInsetsCallback: android.view.WindowInsets access$400(io.flutter.plugin.editing.ImeSyncDeferringInsetsCallback)
com.google.android.gms.internal.measurement.zzgk: com.google.android.gms.internal.measurement.zzgk zze
com.google.firestore.v1.Cursor: com.google.protobuf.Parser PARSER
androidx.lifecycle.Lifecycle$Event: androidx.lifecycle.Lifecycle$Event ON_PAUSE
com.google.android.gms.internal.firebase-auth-api.zzfr
com.google.firestore.v1.MapValue: com.google.protobuf.Parser PARSER
com.google.firebase.analytics.connector.internal.AnalyticsConnectorRegistrar: java.util.List getComponents()
com.google.firestore.v1.StructuredQuery: int LIMIT_FIELD_NUMBER
com.google.firebase.auth.PlayGamesAuthCredential: android.os.Parcelable$Creator CREATOR
com.google.firestore.v1.TransactionOptions$ReadOnly: int READ_TIME_FIELD_NUMBER
io.flutter.embedding.engine.FlutterJNI: void nativeSurfaceDestroyed(long)
com.google.android.gms.internal.firebase-auth-api.zzgp: com.google.android.gms.internal.firebase-auth-api.zzgp zzb
com.google.protobuf.FieldType$Collection: com.google.protobuf.FieldType$Collection valueOf(java.lang.String)
com.google.protobuf.Timestamp: com.google.protobuf.Parser PARSER
com.google.firestore.v1.StructuredQuery$Direction: com.google.firestore.v1.StructuredQuery$Direction[] values()
androidx.core.app.RemoteActionCompatParcelizer: RemoteActionCompatParcelizer()
com.google.firebase.firestore.proto.Target: com.google.protobuf.Timestamp snapshotVersion_
com.google.firebase.firestore.proto.Target: int targetTypeCase_
com.google.firebase.firestore.FirebaseFirestore: void setClientLanguage(java.lang.String)
com.google.firebase.firestore.core.UserData$Source: com.google.firebase.firestore.core.UserData$Source valueOf(java.lang.String)
com.google.firestore.v1.CommitResponse: int COMMIT_TIME_FIELD_NUMBER
com.google.android.gms.measurement.AppMeasurement$ConditionalUserProperty: java.lang.String mExpiredEventName
com.google.firestore.bundle.BundledQuery: int queryTypeCase_
io.flutter.plugin.editing.ImeSyncDeferringInsetsCallback$AnimationCallback: ImeSyncDeferringInsetsCallback$AnimationCallback(io.flutter.plugin.editing.ImeSyncDeferringInsetsCallback)
io.grpc.stub.ClientCalls$StubType: io.grpc.stub.ClientCalls$StubType valueOf(java.lang.String)
com.google.android.gms.measurement.internal.AppMeasurementDynamiteService: AppMeasurementDynamiteService()
com.google.android.gms.dynamite.descriptors.com.google.firebase.auth.ModuleDescriptor
com.google.firebase.firestore.FirebaseFirestoreException$Code: com.google.firebase.firestore.FirebaseFirestoreException$Code valueOf(java.lang.String)
com.google.firestore.v1.StructuredQuery$Filter: int UNARY_FILTER_FIELD_NUMBER
com.google.android.gms.internal.measurement.zzgf
com.google.firestore.v1.StructuredQuery$UnaryFilter$Operator: com.google.firestore.v1.StructuredQuery$UnaryFilter$Operator valueOf(java.lang.String)
com.google.firebase.components.ComponentDiscoveryService
com.google.android.gms.common.internal.ReflectedParcelable