build/app/outputs/mapping/release/mapping.txt
# compiler: R8
# compiler_version: 2.1.62
# min_api: 16
# pg_map_id: b15a54c
# common_typos_disable
...
com.google.firebase.-$$Lambda$FirebaseCommonRegistrar$5K-XEd3fUx19CnAZSAZ0M1s9qGg -> com.google.firebase.c:
    com.google.firebase.-$$Lambda$FirebaseCommonRegistrar$5K-XEd3fUx19CnAZSAZ0M1s9qGg INSTANCE -> a
    java.lang.String extract(java.lang.Object) -> a
com.google.firebase.-$$Lambda$FirebaseCommonRegistrar$lmqwsm474glUdjxQuX0286DJQr0 -> com.google.firebase.d:
    com.google.firebase.-$$Lambda$FirebaseCommonRegistrar$lmqwsm474glUdjxQuX0286DJQr0 INSTANCE -> a
    java.lang.String extract(java.lang.Object) -> a
com.google.firebase.-$$Lambda$FirebaseCommonRegistrar$sUt18gVyvEV5RL6q8HJBhUltbQU -> com.google.firebase.e:
    com.google.firebase.-$$Lambda$FirebaseCommonRegistrar$sUt18gVyvEV5RL6q8HJBhUltbQU INSTANCE -> a
    java.lang.String extract(java.lang.Object) -> a
com.google.firebase.DataCollectionDefaultChange -> com.google.firebase.f:
    boolean enabled -> a
com.google.firebase.FirebaseApiNotAvailableException -> com.google.firebase.g:
com.google.firebase.FirebaseApp -> com.google.firebase.h:
    java.lang.Object LOCK -> j
    java.util.concurrent.Executor UI_EXECUTOR -> k
    android.content.Context applicationContext -> a
    java.util.concurrent.atomic.AtomicBoolean deleted -> f
    java.util.concurrent.atomic.AtomicBoolean automaticResourceManagementEnabled -> e
    com.google.firebase.components.Lazy dataCollectionConfigStorage -> g
    java.util.List lifecycleListeners -> i
    com.google.firebase.FirebaseOptions options -> c
    java.util.List backgroundStateChangeListeners -> h
    java.util.Map INSTANCES -> l
    com.google.firebase.components.ComponentRuntime componentRuntime -> d
    java.lang.String name -> b
    void notifyOnAppDeleted() -> A
    void setAutomaticResourceManagementEnabled(boolean) -> B
    void setDataCollectionDefaultEnabled(java.lang.Boolean) -> C
    void setDataCollectionDefaultEnabled(boolean) -> D
    java.lang.Object access$300() -> a
    void access$400(com.google.firebase.FirebaseApp) -> b
    java.util.concurrent.atomic.AtomicBoolean access$500(com.google.firebase.FirebaseApp) -> c
    void access$600(com.google.firebase.FirebaseApp,boolean) -> d
    void addLifecycleEventListener(com.google.firebase.FirebaseAppLifecycleListener) -> e
    void checkNotDeleted() -> f
    void delete() -> g
    java.lang.Object get(java.lang.Class) -> h
    java.util.List getAllAppNames() -> i
    android.content.Context getApplicationContext() -> j
com.google.firebase.FirebaseApp$1 -> com.google.firebase.h$a:
com.google.firebase.FirebaseApp$BackgroundStateChangeListener -> com.google.firebase.h$b:
    void onBackgroundStateChanged(boolean) -> a
com.google.firebase.FirebaseApp$GlobalBackgroundStateListener -> com.google.firebase.h$c:
    java.util.concurrent.atomic.AtomicReference INSTANCE -> a
    void onBackgroundStateChanged(boolean) -> a
    void access$100(android.content.Context) -> b
    void ensureBackgroundStateListenerRegistered(android.content.Context) -> c
com.google.firebase.FirebaseApp$UiExecutor -> com.google.firebase.h$d:
    android.os.Handler HANDLER -> k
com.google.firebase.FirebaseApp$UserUnlockReceiver -> com.google.firebase.h$e:
    android.content.Context applicationContext -> a
    java.util.concurrent.atomic.AtomicReference INSTANCE -> b
    void access$200(android.content.Context) -> a
    void ensureReceiverRegistered(android.content.Context) -> b
    void unregister() -> c
com.google.firebase.FirebaseAppLifecycleListener -> com.google.firebase.i:
    void onDeleted(java.lang.String,com.google.firebase.FirebaseOptions) -> a
com.google.firebase.FirebaseCommonRegistrar -> com.google.firebase.FirebaseCommonRegistrar:
    java.lang.String lambda$getComponents$0(android.content.Context) -> a
    java.lang.String lambda$getComponents$1(android.content.Context) -> b
    java.lang.String lambda$getComponents$2(android.content.Context) -> c
    java.lang.String lambda$getComponents$3(android.content.Context) -> d
    java.lang.String safeValue(java.lang.String) -> e