build/app/outputs/mapping/release/usage.txt
com.example.jsddclient.R$styleable
com.example.jsddclient.BuildConfig
com.example.jsddclient.R$layout
com.example.jsddclient.R$style
com.example.jsddclient.R$drawable
com.example.jsddclient.R$string
com.example.jsddclient.R
com.example.jsddclient.R$color
com.example.jsddclient.R$dimen
com.example.jsddclient.R$integer
com.example.jsddclient.R$attr
com.example.jsddclient.R$mipmap
com.example.jsddclient.R$id
...
com.google.api.ResourceDescriptor$1
com.google.android.gms.internal.auth-api-phone.zzm
com.google.rpc.context.AttributeContext$Auth$Builder
com.google.firebase.firestore.proto.MutationQueue$Builder
com.google.common.collect.Multisets$EntrySet
androidx.core.app.NotificationCompat$Builder:
    private android.graphics.Bitmap reduceLargeIconSize(android.graphics.Bitmap)
    public androidx.core.app.NotificationCompat$Builder setShowWhen(boolean)
    public androidx.core.app.NotificationCompat$Builder setUsesChronometer(boolean)
    public androidx.core.app.NotificationCompat$Builder setSmallIcon(int,int)
    public androidx.core.app.NotificationCompat$Builder setSubText(java.lang.CharSequence)
    public androidx.core.app.NotificationCompat$Builder setRemoteInputHistory(java.lang.CharSequence[])
    public androidx.core.app.NotificationCompat$Builder setNumber(int)
    public androidx.core.app.NotificationCompat$Builder setContentInfo(java.lang.CharSequence)
    public androidx.core.app.NotificationCompat$Builder setProgress(int,int,boolean)
    public androidx.core.app.NotificationCompat$Builder setContent(android.widget.RemoteViews)
    public androidx.core.app.NotificationCompat$Builder setDeleteIntent(android.app.PendingIntent)
    public androidx.core.app.NotificationCompat$Builder setFullScreenIntent(android.app.PendingIntent,boolean)
    public androidx.core.app.NotificationCompat$Builder setTicker(java.lang.CharSequence,android.widget.RemoteViews)
    public androidx.core.app.NotificationCompat$Builder setLargeIcon(android.graphics.Bitmap)
    public androidx.core.app.NotificationCompat$Builder setSound(android.net.Uri)
    public androidx.core.app.NotificationCompat$Builder setSound(android.net.Uri,int)
com.google.gson.FieldNamingPolicy$3
com.google.firebase.firestore.remote.Stream
kotlin.collections.AbstractList$ListIteratorImpl
com.google.common.primitives.Longs$AsciiDigits
kotlin.text.MatchResult$DefaultImpls
com.google.type.Expr$1
com.google.common.base.Equivalence$Wrapper
com.google.firestore.v1.DocumentDelete$Builder:
    public java.lang.String getDocument()
    public com.google.protobuf.ByteString getDocumentBytes()
    public com.google.firestore.v1.DocumentDelete$Builder setDocument(java.lang.String)
    public com.google.firestore.v1.DocumentDelete$Builder clearDocument()
    public com.google.firestore.v1.DocumentDelete$Builder setDocumentBytes(com.google.protobuf.ByteString)
    public java.util.List getRemovedTargetIdsList()
    public int getRemovedTargetIdsCount()
    public int getRemovedTargetIds(int)
    public com.google.firestore.v1.DocumentDelete$Builder setRemovedTargetIds(int,int)
    public com.google.firestore.v1.DocumentDelete$Builder addRemovedTargetIds(int)
    public com.google.firestore.v1.DocumentDelete$Builder addAllRemovedTargetIds(java.lang.Iterable)
    public com.google.firestore.v1.DocumentDelete$Builder clearRemovedTargetIds()
    public boolean hasReadTime()
    public com.google.protobuf.Timestamp getReadTime()
    public com.google.firestore.v1.DocumentDelete$Builder setReadTime(com.google.protobuf.Timestamp)
    public com.google.firestore.v1.DocumentDelete$Builder setReadTime(com.google.protobuf.Timestamp$Builder)
    public com.google.firestore.v1.DocumentDelete$Builder mergeReadTime(com.google.protobuf.Timestamp)
    public com.google.firestore.v1.DocumentDelete$Builder clearReadTime()
com.google.protobuf.ExtensionSchemas:
    void <init>()
io.grpc.internal.GrpcAttributes:
    private void <init>()
androidx.swiperefreshlayout.widget.CircularProgressDrawable
com.google.android.gms.common.internal.ViewUtils
com.google.common.base.Predicates$ContainsPatternFromStringPredicate
io.flutter.embedding.engine.loader.ResourceExtractor$ExtractTask
com.google.protobuf.EmptyProto
kotlin.properties.ReadWriteProperty
androidx.loader.content.ModernAsyncTask$Status
com.google.common.util.concurrent.ForwardingExecutorService
com.google.firestore.bundle.BundledQuery$QueryTypeCase